time=2024-03-15T10:47:28+08:00 level=info msg=found Handler:onoffline {OnOffline  func(*sceneservice.Entry, *service.RemoteContext, *messages.OnOffline, apientry.HandlerCBFunc) <func(*sceneservice.Entry, *service.RemoteContext, *messages.OnOffline, apientry.HandlerCBFunc) Value> 6} source=default
time=2024-03-15T10:47:28+08:00 level=info msg=found Handler:onreonline {OnReOnline  func(*sceneservice.Entry, *service.RemoteContext, *messages.OnReOnline, apientry.HandlerCBFunc) <func(*sceneservice.Entry, *service.RemoteContext, *messages.OnReOnline, apientry.HandlerCBFunc) Value> 7} source=default
time=2024-03-15T10:47:28+08:00 level=info msg=found Handler:precheckpermit {PreCheckPermit  func(*sceneservice.Entry, *service.RemoteContext, *messages.SceneEnter, apientry.HandlerCBFunc) <func(*sceneservice.Entry, *service.RemoteContext, *messages.SceneEnter, apientry.HandlerCBFunc) Value> 8} source=default
time=2024-03-15T10:47:28+08:00 level=info msg=found Handler:reenter {ReEnter  func(*sceneservice.Entry, *service.RemoteContext, *messages.SceneEnter, apientry.HandlerCBFunc) <func(*sceneservice.Entry, *service.RemoteContext, *messages.SceneEnter, apientry.HandlerCBFunc) Value> 9} source=default
time=2024-03-15T10:47:28+08:00 level=info msg=found Handler:changescene {ChangeScene  func(*sceneservice.Entry, *service.RemoteContext, *messages.ChangeScene, apientry.HandlerCBFunc) <func(*sceneservice.Entry, *service.RemoteContext, *messages.ChangeScene, apientry.HandlerCBFunc) Value> 1} source=default
time=2024-03-15T10:47:28+08:00 level=info msg=found Handler:enter {Enter  func(*sceneservice.Entry, *service.RemoteContext, *messages.SceneEnter, apientry.HandlerCBFunc) <func(*sceneservice.Entry, *service.RemoteContext, *messages.SceneEnter, apientry.HandlerCBFunc) Value> 3} source=default
time=2024-03-15T10:47:28+08:00 level=info msg=found Handler:initcardfight {InitCardFight  func(*sceneservice.Entry, *service.RemoteContext, *messages.SceneInitCardFight, apientry.HandlerCBFunc) <func(*sceneservice.Entry, *service.RemoteContext, *messages.SceneInitCardFight, apientry.HandlerCBFunc) Value> 4} source=default
time=2024-03-15T10:47:28+08:00 level=info msg=found Handler:allocscene {AllocScene  func(*sceneservice.Entry, *service.RemoteContext, *messages.SAllocScene, apientry.HandlerCBFunc) <func(*sceneservice.Entry, *service.RemoteContext, *messages.SAllocScene, apientry.HandlerCBFunc) Value> 0} source=default
time=2024-03-15T10:47:28+08:00 level=info msg=found Handler:leave {Leave  func(*sceneservice.Entry, *service.RemoteContext, *messages.SceneLeave, apientry.HandlerCBFunc) <func(*sceneservice.Entry, *service.RemoteContext, *messages.SceneLeave, apientry.HandlerCBFunc) Value> 5} source=default
time=2024-03-15T10:47:28+08:00 level=info msg=newService:remote source=default
time=2024-03-15T10:47:28+08:00 level=info msg=found Handler:cmd {Cmd  func(*builtin.CtrlEventEntry, *service.RemoteContext, *msgs.CtrlCmd, apientry.HandlerCBFunc) <func(*builtin.CtrlEventEntry, *service.RemoteContext, *msgs.CtrlCmd, apientry.HandlerCBFunc) Value> 0} source=default
time=2024-03-15T10:47:28+08:00 level=info msg=newService:ctrl source=default
time=2024-03-15T10:47:28+08:00 level=info msg=found Handler:call {Call  func(*builtin.Entry, *service.RemoteContext, *msgs.ClientMsg, apientry.HandlerCBFunc) <func(*builtin.Entry, *service.RemoteContext, *msgs.ClientMsg, apientry.HandlerCBFunc) Value> 0} source=default
time=2024-03-15T10:47:28+08:00 level=info msg=found Handler:kick {Kick  func(*builtin.Entry, *service.RemoteContext, *msgs.Kick, apientry.HandlerCBFunc) <func(*builtin.Entry, *service.RemoteContext, *msgs.Kick, apientry.HandlerCBFunc) Value> 2} source=default
time=2024-03-15T10:47:28+08:00 level=info msg=found Handler:notify {Notify  func(*builtin.Entry, *service.RemoteContext, *msgs.ClientMsg) <func(*builtin.Entry, *service.RemoteContext, *msgs.ClientMsg) Value> 3} source=default
time=2024-03-15T10:47:28+08:00 level=info msg=found Handler:pushmsg {PushMsg  func(*builtin.Entry, *service.RemoteContext, *msgs.PushMsg, apientry.HandlerCBFunc) <func(*builtin.Entry, *service.RemoteContext, *msgs.PushMsg, apientry.HandlerCBFunc) Value> 4} source=default
time=2024-03-15T10:47:28+08:00 level=info msg=found Handler:pushsession {PushSession  func(*builtin.Entry, *service.RemoteContext, *msgs.PushSession, apientry.HandlerCBFunc) <func(*builtin.Entry, *service.RemoteContext, *msgs.PushSession, apientry.HandlerCBFunc) Value> 5} source=default
time=2024-03-15T10:47:28+08:00 level=info msg=found Handler:querysession {QuerySession  func(*builtin.Entry, *service.RemoteContext, *msgs.QuerySession, apientry.HandlerCBFunc) <func(*builtin.Entry, *service.RemoteContext, *msgs.QuerySession, apientry.HandlerCBFunc) Value> 6} source=default
time=2024-03-15T10:47:28+08:00 level=info msg=newService:sys source=default
time=2024-03-15T10:47:28+08:00 level=info msg=found Handler:onswitchlineend {OnSwitchLineEnd  func(*handler.Entry, *service.RemoteContext, *messages.OnSwitchLineEnd, apientry.HandlerCBFunc) <func(*handler.Entry, *service.RemoteContext, *messages.OnSwitchLineEnd, apientry.HandlerCBFunc) Value> 6} source=default
time=2024-03-15T10:47:28+08:00 level=info msg=found Handler:reqlogin {ReqLogin  func(*handler.Entry, *service.RemoteContext, *messages.CenterReqLogin, apientry.HandlerCBFunc) <func(*handler.Entry, *service.RemoteContext, *messages.CenterReqLogin, apientry.HandlerCBFunc) Value> 7} source=default
time=2024-03-15T10:47:28+08:00 level=info msg=found Handler:reqlogout {ReqLogout  func(*handler.Entry, *service.RemoteContext, *messages.ReqLogout, apientry.HandlerCBFunc) <func(*handler.Entry, *service.RemoteContext, *messages.ReqLogout, apientry.HandlerCBFunc) Value> 8} source=default
time=2024-03-15T10:47:28+08:00 level=info msg=found Handler:onsessionclose {OnSessionClose  func(*handler.Entry, *service.RemoteContext, *messages.CenterOnSessionClose, apientry.HandlerCBFunc) <func(*handler.Entry, *service.RemoteContext, *messages.CenterOnSessionClose, apientry.HandlerCBFunc) Value> 5} source=default
time=2024-03-15T10:47:28+08:00 level=info msg=found Handler:onlogiclogined {OnLogicLogined  func(*handler.Entry, *service.RemoteContext, *messages.OnLogicLogined, apientry.HandlerCBFunc) <func(*handler.Entry, *service.RemoteContext, *messages.OnLogicLogined, apientry.HandlerCBFunc) Value> 2} source=default
time=2024-03-15T10:47:28+08:00 level=info msg=found Handler:onlogicreonline {OnLogicReonline  func(*handler.Entry, *service.RemoteContext, *messages.OnLogicReOnline, apientry.HandlerCBFunc) <func(*handler.Entry, *service.RemoteContext, *messages.OnLogicReOnline, apientry.HandlerCBFunc) Value> 3} source=default
time=2024-03-15T10:47:28+08:00 level=info msg=found Handler:onlogout {OnLogout  func(*handler.Entry, *service.RemoteContext, *messages.OnLogout, apientry.HandlerCBFunc) <func(*handler.Entry, *service.RemoteContext, *messages.OnLogout, apientry.HandlerCBFunc) Value> 4} source=default
time=2024-03-15T10:47:28+08:00 level=info msg=found Handler:reqswitchline {ReqSwitchLine  func(*handler.Entry, *service.RemoteContext, *messages.ReqSwitchLine, apientry.HandlerCBFunc) <func(*handler.Entry, *service.RemoteContext, *messages.ReqSwitchLine, apientry.HandlerCBFunc) Value> 9} source=default
time=2024-03-15T10:47:28+08:00 level=info msg=found Handler:onabnormallogout {OnAbnormalLogout  func(*handler.Entry, *service.RemoteContext, *messages.OnLogout, apientry.HandlerCBFunc) <func(*handler.Entry, *service.RemoteContext, *messages.OnLogout, apientry.HandlerCBFunc) Value> 1} source=default
time=2024-03-15T10:47:28+08:00 level=info msg=newService:centerremote source=default
time=2024-03-15T10:47:28+08:00 level=info msg=found Handler:auth {Auth  func(*handler.Entry, *service.RemoteContext, *messages.DBAuth, apientry.HandlerCBFunc) <func(*handler.Entry, *service.RemoteContext, *messages.DBAuth, apientry.HandlerCBFunc) Value> 0} source=default
time=2024-03-15T10:47:28+08:00 level=info msg=found Handler:loadplayer {LoadPlayer  func(*handler.Entry, *service.RemoteContext, *messages.DBLoadPlayer, apientry.HandlerCBFunc) <func(*handler.Entry, *service.RemoteContext, *messages.DBLoadPlayer, apientry.HandlerCBFunc) Value> 2} source=default
time=2024-03-15T10:47:28+08:00 level=info msg=found Handler:saveplayer {SavePlayer  func(*handler.Entry, *service.RemoteContext, *messages.DBSavePlayer, apientry.HandlerCBFunc) <func(*handler.Entry, *service.RemoteContext, *messages.DBSavePlayer, apientry.HandlerCBFunc) Value> 3} source=default
time=2024-03-15T10:47:28+08:00 level=info msg=newService:dbremote source=default
time=2024-03-15T10:47:28+08:00 level=info msg=found Handler:queryscenes {QueryScenes  func(*scenem.Entry, *service.RemoteContext, *messages.SMQueryScenes, apientry.HandlerCBFunc) <func(*scenem.Entry, *service.RemoteContext, *messages.SMQueryScenes, apientry.HandlerCBFunc) Value> 4} source=default
time=2024-03-15T10:47:28+08:00 level=info msg=found Handler:refresh {Refresh  func(*scenem.Entry, *service.RemoteContext, *messages.SMRefresh, apientry.HandlerCBFunc) <func(*scenem.Entry, *service.RemoteContext, *messages.SMRefresh, apientry.HandlerCBFunc) Value> 5} source=default
time=2024-03-15T10:47:28+08:00 level=info msg=found Handler:reqscenebycfgid {ReqSceneByCfgId  func(*scenem.Entry, *service.RemoteContext, *messages.SMReqSceneByCfgId, apientry.HandlerCBFunc) <func(*scenem.Entry, *service.RemoteContext, *messages.SMReqSceneByCfgId, apientry.HandlerCBFunc) Value> 6} source=default
time=2024-03-15T10:47:28+08:00 level=info msg=found Handler:allocscene {AllocScene  func(*scenem.Entry, *service.RemoteContext, *messages.SMAllocScene, apientry.HandlerCBFunc) <func(*scenem.Entry, *service.RemoteContext, *messages.SMAllocScene, apientry.HandlerCBFunc) Value> 0} source=default
time=2024-03-15T10:47:28+08:00 level=info msg=found Handler:freescene {FreeScene  func(*scenem.Entry, *service.RemoteContext, *messages.SMOnSceneEnd) <func(*scenem.Entry, *service.RemoteContext, *messages.SMOnSceneEnd) Value> 2} source=default
time=2024-03-15T10:47:28+08:00 level=info msg=found Handler:queryscene {QueryScene  func(*scenem.Entry, *service.RemoteContext, *messages.SMQueryScene, apientry.HandlerCBFunc) <func(*scenem.Entry, *service.RemoteContext, *messages.SMQueryScene, apientry.HandlerCBFunc) Value> 3} source=default
time=2024-03-15T10:47:28+08:00 level=info msg=newService:remote source=default
time=2024-03-15T10:47:28+08:00 level=info msg=found Handler:checkplayer2 {CheckPlayer2  func(*handler.Entry, *service.RemoteContext, *messages.CheckPlayer2, apientry.HandlerCBFunc) <func(*handler.Entry, *service.RemoteContext, *messages.CheckPlayer2, apientry.HandlerCBFunc) Value> 0} source=default
time=2024-03-15T10:47:28+08:00 level=info msg=found Handler:onlogout {OnLogout  func(*handler.Entry, *service.RemoteContext, *messages.OnLogout, apientry.HandlerCBFunc) <func(*handler.Entry, *service.RemoteContext, *messages.OnLogout, apientry.HandlerCBFunc) Value> 4} source=default
time=2024-03-15T10:47:28+08:00 level=info msg=found Handler:onoffline {OnOffline  func(*handler.Entry, *service.RemoteContext, *messages.OnOffline, apientry.HandlerCBFunc) <func(*handler.Entry, *service.RemoteContext, *messages.OnOffline, apientry.HandlerCBFunc) Value> 5} source=default
time=2024-03-15T10:47:28+08:00 level=info msg=found Handler:onreonline {OnReOnline  func(*handler.Entry, *service.RemoteContext, *messages.OnReOnline, apientry.HandlerCBFunc) <func(*handler.Entry, *service.RemoteContext, *messages.OnReOnline, apientry.HandlerCBFunc) Value> 6} source=default
time=2024-03-15T10:47:28+08:00 level=info msg=found Handler:enter {Enter  func(*handler.Entry, *service.RemoteContext, *messages.LogicLoadPlayer, apientry.HandlerCBFunc) <func(*handler.Entry, *service.RemoteContext, *messages.LogicLoadPlayer, apientry.HandlerCBFunc) Value> 2} source=default
time=2024-03-15T10:47:28+08:00 level=info msg=found Handler:keepalive {KeepAlive  func(*handler.Entry, *service.RemoteContext, *messages.CheckPlayer2, apientry.HandlerCBFunc) <func(*handler.Entry, *service.RemoteContext, *messages.CheckPlayer2, apientry.HandlerCBFunc) Value> 3} source=default
time=2024-03-15T10:47:28+08:00 level=info msg=found Handler:reenter {ReEnter  func(*handler.Entry, *service.RemoteContext, *messages.LogicLoadPlayer, apientry.HandlerCBFunc) <func(*handler.Entry, *service.RemoteContext, *messages.LogicLoadPlayer, apientry.HandlerCBFunc) Value> 7} source=default
time=2024-03-15T10:47:28+08:00 level=info msg=found Handler:reqlogout {ReqLogout  func(*handler.Entry, *service.RemoteContext, *messages.ReqLogout, apientry.HandlerCBFunc) <func(*handler.Entry, *service.RemoteContext, *messages.ReqLogout, apientry.HandlerCBFunc) Value> 8} source=default
time=2024-03-15T10:47:28+08:00 level=info msg=found Handler:reqswitchline {ReqSwitchLine  func(*handler.Entry, *service.RemoteContext, *messages.LogicReqSwitchLine, apientry.HandlerCBFunc) <func(*handler.Entry, *service.RemoteContext, *messages.LogicReqSwitchLine, apientry.HandlerCBFunc) Value> 9} source=default
time=2024-03-15T10:47:28+08:00 level=info msg=newService:logicremote source=default
time=2024-03-15T10:47:28+08:00 level=info msg=found Handler:startfight {StartFight  func(*logic.Handler, *impls.HandlerContext, *cproto.StartGame, apientry.HandlerCBFunc) <func(*logic.Handler, *impls.HandlerContext, *cproto.StartGame, apientry.HandlerCBFunc) Value> 2} source=default
time=2024-03-15T10:47:28+08:00 level=info msg=found Handler:systemcmd {SystemCmd  func(*logic.Handler, *impls.HandlerContext, *cproto.ReqSystemCmd, apientry.HandlerCBFunc) <func(*logic.Handler, *impls.HandlerContext, *cproto.ReqSystemCmd, apientry.HandlerCBFunc) Value> 3} source=default
time=2024-03-15T10:47:28+08:00 level=info msg=found Handler:cmd {Cmd  func(*logic.Handler, *impls.HandlerContext, *cproto.Cmd, apientry.HandlerCBFunc) <func(*logic.Handler, *impls.HandlerContext, *cproto.Cmd, apientry.HandlerCBFunc) Value> 0} source=default
time=2024-03-15T10:47:28+08:00 level=info msg=newService:logic_old source=default
time=2024-03-15T10:47:28+08:00 level=info msg=found Handler:cmd {Cmd  func(*nodectrl.AdminEntry, *service.RemoteContext, *msgs.CtrlCmd, apientry.HandlerCBFunc) <func(*nodectrl.AdminEntry, *service.RemoteContext, *msgs.CtrlCmd, apientry.HandlerCBFunc) Value> 0} source=default
time=2024-03-15T10:47:28+08:00 level=info msg=found Handler:servicecmd {ServiceCmd  func(*nodectrl.AdminEntry, *service.RemoteContext, *msgs.ServiceCmd, apientry.HandlerCBFunc) <func(*nodectrl.AdminEntry, *service.RemoteContext, *msgs.ServiceCmd, apientry.HandlerCBFunc) Value> 2} source=default
time=2024-03-15T10:47:28+08:00 level=info msg=newService:ctrl source=default
time=2024-03-15T10:47:28+08:00 level=info msg=found Handler:auth {Auth  func(*redis.Entry, *service.RemoteContext, *messages.DBAuth, apientry.HandlerCBFunc) <func(*redis.Entry, *service.RemoteContext, *messages.DBAuth, apientry.HandlerCBFunc) Value> 0} source=default
time=2024-03-15T10:47:28+08:00 level=info msg=found Handler:init {Init  func(*redis.Entry, *service.RemoteContext, *messages.DBRedisInit, apientry.HandlerCBFunc) <func(*redis.Entry, *service.RemoteContext, *messages.DBRedisInit, apientry.HandlerCBFunc) Value> 2} source=default
time=2024-03-15T10:47:28+08:00 level=info msg=found Handler:loadplayer {LoadPlayer  func(*redis.Entry, *service.RemoteContext, *messages.DBLoadPlayer, apientry.HandlerCBFunc) <func(*redis.Entry, *service.RemoteContext, *messages.DBLoadPlayer, apientry.HandlerCBFunc) Value> 3} source=default
time=2024-03-15T10:47:28+08:00 level=info msg=found Handler:notify {Notify  func(*redis.Entry, *service.RemoteContext, *msgs.TestHello) <func(*redis.Entry, *service.RemoteContext, *msgs.TestHello) Value> 4} source=default
time=2024-03-15T10:47:28+08:00 level=info msg=found Handler:saveplayer {SavePlayer  func(*redis.Entry, *service.RemoteContext, *messages.DBSavePlayer, apientry.HandlerCBFunc) <func(*redis.Entry, *service.RemoteContext, *messages.DBSavePlayer, apientry.HandlerCBFunc) Value> 5} source=default
time=2024-03-15T10:47:28+08:00 level=info msg=newService:redis source=default
time=2024-03-15T10:47:28+08:00 level=info msg=found Handler:login {Login  func(*gate.Handler, *impls.HandlerContext, *cproto.LoginReq, apientry.HandlerCBFunc) <func(*gate.Handler, *impls.HandlerContext, *cproto.LoginReq, apientry.HandlerCBFunc) Value> 1} source=default
time=2024-03-15T10:47:28+08:00 level=info msg=found Handler:querygate {QueryGate  func(*gate.Handler, *impls.HandlerContext, *cproto.QueryGateReq, apientry.HandlerCBFunc) <func(*gate.Handler, *impls.HandlerContext, *cproto.QueryGateReq, apientry.HandlerCBFunc) Value> 2} source=default
time=2024-03-15T10:47:28+08:00 level=info msg=newService:gate source=default
time=2024-03-15T10:47:28+08:00 level=info msg=found Handler:startfight {StartFight  func(*handler.Handler, *impls.HandlerContext, *cproto.StartGame, apientry.HandlerCBFunc) <func(*handler.Handler, *impls.HandlerContext, *cproto.StartGame, apientry.HandlerCBFunc) Value> 1} source=default
time=2024-03-15T10:47:28+08:00 level=info msg=found Handler:systemcmd {SystemCmd  func(*handler.Handler, *impls.HandlerContext, *cproto.ReqSystemCmd, apientry.HandlerCBFunc) <func(*handler.Handler, *impls.HandlerContext, *cproto.ReqSystemCmd, apientry.HandlerCBFunc) Value> 2} source=default
time=2024-03-15T10:47:28+08:00 level=info msg=newService:logic source=default
time=2024-03-15T10:47:28+08:00 level=info msg=found Handler:onleavescene {OnLeaveScene  func(*logic.Entry, *service.RemoteContext, *messages.OnLeaveScene, apientry.HandlerCBFunc) <func(*logic.Entry, *service.RemoteContext, *messages.OnLeaveScene, apientry.HandlerCBFunc) Value> 4} source=default
time=2024-03-15T10:47:28+08:00 level=info msg=found Handler:reqoffline {ReqOffline  func(*logic.Entry, *service.RemoteContext, *messages.ReqOffline, apientry.HandlerCBFunc) <func(*logic.Entry, *service.RemoteContext, *messages.ReqOffline, apientry.HandlerCBFunc) Value> 5} source=default
time=2024-03-15T10:47:28+08:00 level=info msg=found Handler:loadplayer {LoadPlayer  func(*logic.Entry, *service.RemoteContext, *messages.LogicLoadPlayer, apientry.HandlerCBFunc) <func(*logic.Entry, *service.RemoteContext, *messages.LogicLoadPlayer, apientry.HandlerCBFunc) Value> 1} source=default
time=2024-03-15T10:47:28+08:00 level=info msg=found Handler:oncardfightresult {OnCardFightResult  func(*logic.Entry, *service.RemoteContext, *messages.SceneCardResult, apientry.HandlerCBFunc) <func(*logic.Entry, *service.RemoteContext, *messages.SceneCardResult, apientry.HandlerCBFunc) Value> 2} source=default
time=2024-03-15T10:47:28+08:00 level=info msg=found Handler:onfightresult {OnFightResult  func(*logic.Entry, *service.RemoteContext, *messages.OnFightResult, apientry.HandlerCBFunc) <func(*logic.Entry, *service.RemoteContext, *messages.OnFightResult, apientry.HandlerCBFunc) Value> 3} source=default
time=2024-03-15T10:47:28+08:00 level=info msg=newService:logicremote source=default
time=2024-03-15T10:47:28+08:00 level=info msg=found Handler:clientloadsceneover {ClientLoadSceneOver  func(*sceneservice.Handler, *impls.HandlerContext, *cproto.ClientLoadSceneOver, apientry.HandlerCBFunc) <func(*sceneservice.Handler, *impls.HandlerContext, *cproto.ClientLoadSceneOver, apientry.HandlerCBFunc) Value> 0} source=default
time=2024-03-15T10:47:28+08:00 level=info msg=found Handler:cmd {Cmd  func(*sceneservice.Handler, *impls.HandlerContext, *cproto.Cmd, apientry.HandlerCBFunc) <func(*sceneservice.Handler, *impls.HandlerContext, *cproto.Cmd, apientry.HandlerCBFunc) Value> 1} source=default
time=2024-03-15T10:47:28+08:00 level=info msg=found Handler:opencamera {OpenCamera  func(*sceneservice.Handler, *impls.HandlerContext, *cproto.EmptyArg, apientry.HandlerCBFunc) <func(*sceneservice.Handler, *impls.HandlerContext, *cproto.EmptyArg, apientry.HandlerCBFunc) Value> 3} source=default
time=2024-03-15T10:47:28+08:00 level=info msg=found Handler:reqcharinfo {ReqCharInfo  func(*sceneservice.Handler, *impls.HandlerContext, *cproto.EmptyArg, apientry.HandlerCBFunc) <func(*sceneservice.Handler, *impls.HandlerContext, *cproto.EmptyArg, apientry.HandlerCBFunc) Value> 4} source=default
time=2024-03-15T10:47:28+08:00 level=info msg=found Handler:systemcmd {SystemCmd  func(*sceneservice.Handler, *impls.HandlerContext, *cproto.ReqSystemCmd, apientry.HandlerCBFunc) <func(*sceneservice.Handler, *impls.HandlerContext, *cproto.ReqSystemCmd, apientry.HandlerCBFunc) Value> 5} source=default
time=2024-03-15T10:47:28+08:00 level=info msg=newService:scene source=default
time=2024-03-15T10:47:28+08:00 level=info msg= ---- dump all apis ----  source=default
time=2024-03-15T10:47:28+08:00 level=info msg=  collection: scenem.remote source=default
time=2024-03-15T10:47:28+08:00 level=info msg=    apiGroup: remote source=default
time=2024-03-15T10:47:28+08:00 level=info msg=      func reqscenebycfgid source=default
time=2024-03-15T10:47:28+08:00 level=info msg=      func allocscene source=default
time=2024-03-15T10:47:28+08:00 level=info msg=      func freescene source=default
time=2024-03-15T10:47:28+08:00 level=info msg=      func queryscene source=default
time=2024-03-15T10:47:28+08:00 level=info msg=      func queryscenes source=default
time=2024-03-15T10:47:28+08:00 level=info msg=      func refresh source=default
time=2024-03-15T10:47:28+08:00 level=info msg=  collection: logic.remote source=default
time=2024-03-15T10:47:28+08:00 level=info msg=    apiGroup: logicremote source=default
time=2024-03-15T10:47:28+08:00 level=info msg=      func checkplayer2 source=default
time=2024-03-15T10:47:28+08:00 level=info msg=      func onlogout source=default
time=2024-03-15T10:47:28+08:00 level=info msg=      func onoffline source=default
time=2024-03-15T10:47:28+08:00 level=info msg=      func onreonline source=default
time=2024-03-15T10:47:28+08:00 level=info msg=      func enter source=default
time=2024-03-15T10:47:28+08:00 level=info msg=      func keepalive source=default
time=2024-03-15T10:47:28+08:00 level=info msg=      func reenter source=default
time=2024-03-15T10:47:28+08:00 level=info msg=      func reqlogout source=default
time=2024-03-15T10:47:28+08:00 level=info msg=      func reqswitchline source=default
time=2024-03-15T10:47:28+08:00 level=info msg=  collection: logic_old.handler source=default
time=2024-03-15T10:47:28+08:00 level=info msg=    apiGroup: logic_old source=default
time=2024-03-15T10:47:28+08:00 level=info msg=      func cmd source=default
time=2024-03-15T10:47:28+08:00 level=info msg=      func startfight source=default
time=2024-03-15T10:47:28+08:00 level=info msg=      func systemcmd source=default
time=2024-03-15T10:47:28+08:00 level=info msg=  collection: scene.remote source=default
time=2024-03-15T10:47:28+08:00 level=info msg=    apiGroup: remote source=default
time=2024-03-15T10:47:28+08:00 level=info msg=      func precheckpermit source=default
time=2024-03-15T10:47:28+08:00 level=info msg=      func reenter source=default
time=2024-03-15T10:47:28+08:00 level=info msg=      func changescene source=default
time=2024-03-15T10:47:28+08:00 level=info msg=      func enter source=default
time=2024-03-15T10:47:28+08:00 level=info msg=      func initcardfight source=default
time=2024-03-15T10:47:28+08:00 level=info msg=      func onoffline source=default
time=2024-03-15T10:47:28+08:00 level=info msg=      func onreonline source=default
time=2024-03-15T10:47:28+08:00 level=info msg=      func allocscene source=default
time=2024-03-15T10:47:28+08:00 level=info msg=      func leave source=default
time=2024-03-15T10:47:28+08:00 level=info msg=  collection: __sys__ source=default
time=2024-03-15T10:47:28+08:00 level=info msg=    apiGroup: ctrl source=default
time=2024-03-15T10:47:28+08:00 level=info msg=      func cmd source=default
time=2024-03-15T10:47:28+08:00 level=info msg=    apiGroup: sys source=default
time=2024-03-15T10:47:28+08:00 level=info msg=      func kick source=default
time=2024-03-15T10:47:28+08:00 level=info msg=      func notify source=default
time=2024-03-15T10:47:29+08:00 level=info msg=      func pushmsg source=default
time=2024-03-15T10:47:29+08:00 level=info msg=      func pushsession source=default
time=2024-03-15T10:47:29+08:00 level=info msg=      func querysession source=default
time=2024-03-15T10:47:29+08:00 level=info msg=      func call source=default
time=2024-03-15T10:47:29+08:00 level=info msg=  collection: center.remote source=default
time=2024-03-15T10:47:29+08:00 level=info msg=    apiGroup: centerremote source=default
time=2024-03-15T10:47:29+08:00 level=info msg=      func onsessionclose source=default
time=2024-03-15T10:47:29+08:00 level=info msg=      func onswitchlineend source=default
time=2024-03-15T10:47:29+08:00 level=info msg=      func reqlogin source=default
time=2024-03-15T10:47:29+08:00 level=info msg=      func reqlogout source=default
time=2024-03-15T10:47:29+08:00 level=info msg=      func onabnormallogout source=default
time=2024-03-15T10:47:29+08:00 level=info msg=      func onlogiclogined source=default
time=2024-03-15T10:47:29+08:00 level=info msg=      func onlogicreonline source=default
time=2024-03-15T10:47:29+08:00 level=info msg=      func onlogout source=default
time=2024-03-15T10:47:29+08:00 level=info msg=      func reqswitchline source=default
time=2024-03-15T10:47:29+08:00 level=info msg=  collection: db.remote source=default
time=2024-03-15T10:47:29+08:00 level=info msg=    apiGroup: dbremote source=default
time=2024-03-15T10:47:29+08:00 level=info msg=      func loadplayer source=default
time=2024-03-15T10:47:29+08:00 level=info msg=      func saveplayer source=default
time=2024-03-15T10:47:29+08:00 level=info msg=      func auth source=default
time=2024-03-15T10:47:29+08:00 level=info msg=  collection: logic.handler source=default
time=2024-03-15T10:47:29+08:00 level=info msg=    apiGroup: logic source=default
time=2024-03-15T10:47:29+08:00 level=info msg=      func startfight source=default
time=2024-03-15T10:47:29+08:00 level=info msg=      func systemcmd source=default
time=2024-03-15T10:47:29+08:00 level=info msg=  collection: logic_old.remote source=default
time=2024-03-15T10:47:29+08:00 level=info msg=    apiGroup: logicremote source=default
time=2024-03-15T10:47:29+08:00 level=info msg=      func onfightresult source=default
time=2024-03-15T10:47:29+08:00 level=info msg=      func onleavescene source=default
time=2024-03-15T10:47:29+08:00 level=info msg=      func reqoffline source=default
time=2024-03-15T10:47:29+08:00 level=info msg=      func loadplayer source=default
time=2024-03-15T10:47:29+08:00 level=info msg=      func oncardfightresult source=default
time=2024-03-15T10:47:29+08:00 level=info msg=  collection: scene.handler source=default
time=2024-03-15T10:47:29+08:00 level=info msg=    apiGroup: scene source=default
time=2024-03-15T10:47:29+08:00 level=info msg=      func cmd source=default
time=2024-03-15T10:47:29+08:00 level=info msg=      func opencamera source=default
time=2024-03-15T10:47:29+08:00 level=info msg=      func reqcharinfo source=default
time=2024-03-15T10:47:29+08:00 level=info msg=      func systemcmd source=default
time=2024-03-15T10:47:29+08:00 level=info msg=      func clientloadsceneover source=default
time=2024-03-15T10:47:29+08:00 level=info msg=  collection: node.admin source=default
time=2024-03-15T10:47:29+08:00 level=info msg=    apiGroup: ctrl source=default
time=2024-03-15T10:47:29+08:00 level=info msg=      func cmd source=default
time=2024-03-15T10:47:29+08:00 level=info msg=      func servicecmd source=default
time=2024-03-15T10:47:29+08:00 level=info msg=  collection: db.redis source=default
time=2024-03-15T10:47:29+08:00 level=info msg=    apiGroup: redis source=default
time=2024-03-15T10:47:29+08:00 level=info msg=      func notify source=default
time=2024-03-15T10:47:29+08:00 level=info msg=      func saveplayer source=default
time=2024-03-15T10:47:29+08:00 level=info msg=      func auth source=default
time=2024-03-15T10:47:29+08:00 level=info msg=      func init source=default
time=2024-03-15T10:47:29+08:00 level=info msg=      func loadplayer source=default
time=2024-03-15T10:47:29+08:00 level=info msg=  collection: gate.handler source=default
time=2024-03-15T10:47:29+08:00 level=info msg=    apiGroup: gate source=default
time=2024-03-15T10:47:29+08:00 level=info msg=      func login source=default
time=2024-03-15T10:47:29+08:00 level=info msg=      func querygate source=default
time=2024-03-15T10:47:29+08:00 level=info msg= ---- dump over ----  source=default
time=2024-03-15T10:47:29+08:00 level=info msg=App.Prepare ./data/config source=default
time=2024-03-15T10:47:29+08:00 level=info msg=startnode: node-1 source=default
time=2024-03-15T10:47:29+08:00 level=info msg=start node node-1 with cluster: cardfight source=default
time=2024-03-15T10:47:29+08:00 level=warning msg=can not find launchmode: define fallback to default source=default
time=2024-03-15T10:47:29+08:00 level=info msg=default mode
 source=default
time=2024-03-15T10:47:29+08:00 level=info msg===================================== source=default
time=2024-03-15T10:47:29+08:00 level=info msg======= Welcome to Cell2 ============ source=default
time=2024-03-15T10:47:29+08:00 level=info msg===================================== source=default
time=2024-03-15T10:47:29+08:00 level=info msg=init actorSystem: 127.0.0.1:3011 source=default
time=2024-03-15T10:47:29+08:00 level=info msg=start connect to ETCDServer: 127.0.0.1:2379 source=default
time=2024-03-15T10:47:34+08:00 level=warning msg=Please check whether ETCD server is open! source=default
time=2024-03-15T10:47:39+08:00 level=warning msg=Please check whether ETCD server is open! source=default
time=2024-03-15T10:47:44+08:00 level=warning msg=Please check whether ETCD server is open! source=default
time=2024-03-15T10:47:49+08:00 level=warning msg=Please check whether ETCD server is open! source=default
time=2024-03-15T10:47:54+08:00 level=warning msg=Please check whether ETCD server is open! source=default
time=2024-03-15T10:47:59+08:00 level=warning msg=Please check whether ETCD server is open! source=default
time=2024-03-15T10:48:04+08:00 level=warning msg=Please check whether ETCD server is open! source=default
