I 11:00:15.0506885 bind context 1
I 11:00:15.0642758 bind context 24
I 11:00:15.0652511 bind context 25
D 11:00:15.0869148 Start
D 11:00:15.4179892 OnReady
D 11:00:15.5020689 Init.OnEnter
D 11:00:19.8747519 Login.OnEnter
D 11:01:11.8621196 connect to 127.0.0.1:30021
D 11:01:11.8672096 connect to: 127.0.0.1 : 30021
D 11:01:11.9644118 cbConnected
D 11:01:12.2934035 { "IP": "127.0.0.1", "Port": "30012,30022" }
I 11:01:12.2989724 TCPClient.doStop
I 11:01:12.3191274 2 error: OperationAborted
D 11:01:12.3251121 connect to 127.0.0.1:30022
D 11:01:12.3581541 cbConnected
D 11:01:12.4355281 登录成功，uid: 2
D 11:01:12.4792326 got charinfo: { "Level": 1, "Exp": "30", "Money": "103" }
D 11:01:12.4883779 Systems has not system: test1
D 11:01:12.4929296 Systems has not system: test1
D 11:01:12.4960059 Systems has not system: test2
D 11:01:12.5009482 Systems has not system: test2
D 11:01:12.5064625 DaySign.onCmdInit: False
D 11:01:12.5104515 req char info succ
D 11:01:12.5473152 Fight.OnEnter
D 11:01:12.5553609 opencamera succ
D 11:01:12.6581875 onFightSceneLoaded
D 11:01:13.2686775 AppStateFightFE waitUIs over
D 11:01:13.5962462 OnLoadSceneOver
D 11:01:13.6192944 CreateExit
D 11:01:13.6441458 CreateCreature
D 11:01:13.7132459 2 11000/11000
D 11:01:13.7243718 battle log: 进入场景: scene-4, 48
D 11:01:27.8929275 CreateCreature
D 11:01:27.9048818 35 1100/1100
D 11:01:27.9099072 CreateCreature
D 11:01:27.9344865 39 1100/1100
D 11:01:27.9414446 CreateCreature
D 11:01:27.9565301 57 1030/1030
D 11:01:27.9647833 CreateCreature
D 11:01:27.9851656 68 1100/1100
D 11:01:27.9922078 CreateCreature
D 11:01:28.0058125 78 1100/1100
D 11:01:28.0125386 CreateCreature
D 11:01:28.0240123 90 1100/1100
D 11:01:28.0330544 CreateCreature
D 11:01:28.0464768 13 1100/1100
D 11:01:28.0524582 CreateCreature
D 11:01:28.0677026 21 1100/1100
D 11:01:28.0736821 CreateCreature
D 11:01:28.0851504 74 1100/1100
D 11:01:28.0948118 CreateCreature
D 11:01:28.1065946 95 1100/1100
D 11:01:28.1125865 CreateExit
D 11:01:28.1217336 CreateCreature
D 11:01:28.1354954 41 1030/1030
D 11:01:28.1411552 CreateCreature
D 11:01:28.1566205 44 1030/1030
D 11:01:28.1646999 CreateCreature
D 11:01:28.1758173 37 1100/1100
D 11:01:28.1835258 CreateCreature
D 11:01:28.1971095 46 1030/1030
D 11:01:28.2038728 CreateCreature
D 11:01:28.2171840 52 1100/1100
D 11:01:28.2260965 CreateCreature
D 11:01:28.2373080 53 1100/1100
D 11:01:28.2442881 CreateCreature
D 11:01:28.2582497 66 1100/1100
D 11:01:28.2657627 CreateCreature
D 11:01:28.2794612 98 1030/1030
D 11:01:28.2879260 CreateCreature
D 11:01:28.2994455 12 1030/1030
D 11:01:28.3075294 CreateCreature
D 11:01:28.3218869 22 1100/1100
D 11:01:28.3288570 CreateCreature
D 11:01:28.3492375 51 1100/1100
D 11:01:28.3572305 CreateCreature
D 11:01:28.3685601 59 1030/1030
D 11:01:28.3794728 CreateCreature
D 11:01:28.3913468 36 1100/1100
D 11:01:28.3985027 CreateCreature
D 11:01:28.4125461 38 1100/1100
D 11:01:28.4196094 CreateCreature
D 11:01:28.4324023 24 1100/1100
D 11:01:28.4409541 CreateCreature
D 11:01:28.4526317 33 1100/1100
D 11:01:28.4598628 CreateCreature
D 11:01:28.4733832 71 1030/1030
D 11:01:28.4802890 CreateCreature
D 11:01:28.4902631 97 1100/1100
D 11:01:28.5004080 CreateCreature
D 11:01:28.5113888 102 11000/11000
D 11:01:28.5175092 CreateCreature
D 11:01:28.5326371 3 1030/1030
D 11:01:28.5400274 CreateCreature
D 11:01:28.5516302 15 1030/1030
D 11:01:28.5601784 CreateCreature
D 11:01:28.5717436 89 1100/1100
D 11:01:28.5777962 CreateCreature
D 11:01:28.5929857 5 1030/1030
D 11:01:28.6000384 CreateCreature
D 11:01:28.6161119 27 1030/1030
D 11:01:28.6231528 CreateCreature
D 11:01:28.6440345 11 1100/1100
D 11:01:28.6549904 CreateCreature
D 11:01:28.6718395 56 1030/1030
D 11:01:28.6807068 CreateCreature
D 11:01:28.6942682 82 1030/1030
D 11:01:28.7017765 CreateCreature
D 11:01:28.7171174 84 1030/1030
D 11:01:28.7252595 CreateCreature
D 11:01:28.7398530 4 1100/1100
D 11:01:28.7468421 CreateCreature
D 11:01:28.7625761 6 1030/1030
D 11:01:28.7697702 CreateCreature
D 11:01:28.7828403 28 1030/1030
D 11:01:28.7918155 CreateCreature
D 11:01:28.8056569 34 1100/1100
D 11:01:28.8136819 CreateCreature
D 11:01:28.8568365 64 1030/1030
D 11:01:28.8644384 CreateCreature
D 11:01:28.8772631 70 1100/1100
D 11:01:28.8855741 CreateCreature
D 11:01:28.8973244 75 1100/1100
D 11:01:28.9053831 CreateCreature
D 11:01:28.9204400 94 1030/1030
D 11:01:28.9274178 CreateCreature
D 11:01:28.9431479 2 1030/1030
D 11:01:28.9502541 CreateCreature
D 11:01:28.9650185 8 1030/1030
D 11:01:28.9729972 CreateCreature
D 11:01:28.9839680 65 1100/1100
D 11:01:28.9926701 CreateCreature
D 11:01:29.0062128 80 1030/1030
D 11:01:29.0131922 CreateCreature
D 11:01:29.0299451 87 1030/1030
D 11:01:29.0370044 CreateCreature
D 11:01:29.0476028 43 1100/1100
D 11:01:29.0561453 CreateCreature
D 11:01:29.0662708 45 1100/1100
D 11:01:29.0723822 CreateCreature
D 11:01:29.0831522 60 1100/1100
D 11:01:29.0917053 CreateCreature
D 11:01:29.1019081 92 1100/1100
D 11:01:29.1104841 CreateCreature
D 11:01:29.1222337 1 1100/1100
D 11:01:29.1287157 CreateCreature
D 11:01:29.1423202 20 1100/1100
D 11:01:29.1483913 CreateCreature
D 11:01:29.1585087 50 1100/1100
D 11:01:29.1680825 CreateCreature
D 11:01:29.1836794 61 1030/1030
D 11:01:29.1942395 CreateCreature
D 11:01:29.2103335 67 1100/1100
D 11:01:29.2239552 CreateCreature
D 11:01:29.2407584 77 1100/1100
D 11:01:29.2481398 CreateCreature
D 11:01:29.2622210 79 1100/1100
D 11:01:29.2700645 CreateCreature
D 11:01:29.2827009 88 1030/1030
D 11:01:29.2891535 CreateCreature
D 11:01:29.3016905 19 1100/1100
D 11:01:29.3085174 CreateCreature
D 11:01:29.3207537 40 1100/1100
D 11:01:29.3263230 CreateCreature
D 11:01:29.3399053 100 1030/1030
D 11:01:29.3466345 CreateCreature
D 11:01:29.3585799 32 1100/1100
D 11:01:29.3647707 CreateCreature
D 11:01:29.3762073 47 1100/1100
D 11:01:29.3822280 CreateCreature
D 11:01:29.3934367 49 1030/1030
D 11:01:29.4015310 CreateCreature
D 11:01:29.4110703 54 1100/1100
D 11:01:29.4171829 CreateCreature
D 11:01:29.4292002 62 1030/1030
D 11:01:29.4351859 CreateCreature
D 11:01:29.4468506 9 1100/1100
D 11:01:29.4529593 CreateCreature
D 11:01:29.4643056 10 1100/1100
D 11:01:29.4728607 CreateCreature
D 11:01:29.4842017 48 1030/1030
D 11:01:29.4908139 CreateCreature
D 11:01:29.5023268 86 1030/1030
D 11:01:29.5083070 CreateCreature
D 11:01:29.5205691 96 1030/1030
D 11:01:29.5280488 CreateCreature
D 11:01:29.5415738 17 1030/1030
D 11:01:29.5487874 CreateCreature
D 11:01:29.5618506 23 1100/1100
D 11:01:29.5693087 CreateCreature
D 11:01:29.5809816 42 1030/1030
D 11:01:29.5877254 CreateCreature
D 11:01:29.5983202 55 1100/1100
D 11:01:29.6073318 CreateCreature
D 11:01:29.6205031 73 1100/1100
D 11:01:29.6280469 CreateCreature
D 11:01:29.6404268 93 1030/1030
D 11:01:29.6475360 CreateCreature
D 11:01:29.6591348 25 1030/1030
D 11:01:29.6653450 CreateCreature
D 11:01:29.6793575 29 1100/1100
D 11:01:29.6866573 CreateCreature
D 11:01:29.6962072 30 1030/1030
D 11:01:29.7027825 CreateCreature
D 11:01:29.7462565 31 1030/1030
D 11:01:29.7520123 CreateCreature
D 11:01:29.7635768 58 1100/1100
D 11:01:29.7721927 CreateCreature
D 11:01:29.7828518 72 1100/1100
D 11:01:29.7888470 CreateCreature
D 11:01:29.8030843 81 1100/1100
D 11:01:29.8109067 CreateCreature
D 11:01:29.8210688 83 1030/1030
D 11:01:29.8290469 CreateCreature
D 11:01:29.8401349 7 1100/1100
D 11:01:29.8461955 CreateCreature
D 11:01:29.8568751 26 1100/1100
D 11:01:29.8644886 CreateCreature
D 11:01:29.8756711 99 1100/1100
D 11:01:29.8806578 CreateCreature
D 11:01:29.8945134 85 1030/1030
D 11:01:29.9000177 CreateCreature
D 11:01:29.9105712 91 1030/1030
D 11:01:29.9158567 CreateCreature
D 11:01:29.9288982 18 1030/1030
D 11:01:29.9359857 CreateCreature
D 11:01:29.9486482 63 1100/1100
D 11:01:29.9542200 CreateCreature
D 11:01:29.9654794 69 1100/1100
D 11:01:29.9741357 CreateCreature
D 11:01:29.9845114 76 1100/1100
D 11:01:29.9912972 CreateCreature
D 11:01:30.0061841 14 1030/1030
D 11:01:30.0131829 CreateCreature
D 11:01:30.0225408 16 1100/1100
D 11:01:30.0300919 battle log: 进入场景: scene-3, 1
D 11:01:32.2380442 54 onStartSkill:普攻
D 11:01:32.2513721 _doAnim: attack
D 11:01:32.3537255 30 onStartSkill:普攻
D 11:01:32.3608212 _doAnim: attack
D 11:01:32.4755554 熊使用普通攻击攻击玩家，造成4点伤害

D 11:01:32.5893430 玩家使用普通攻击攻击熊，造成44点伤害

D 11:01:33.6999796 54 onStartSkill:普攻
D 11:01:33.7075392 _doAnim: attack
D 11:01:33.8278406 熊使用普通攻击攻击玩家，造成4点伤害

D 11:01:33.9323368 30 onStartSkill:普攻
D 11:01:33.9398949 _doAnim: attack
D 11:01:34.0700335 玩家使用普通攻击攻击熊，造成44点伤害

D 11:01:34.8203091 54 onStartSkill:普攻
D 11:01:34.8243037 _doAnim: attack
D 11:01:34.9623732 熊使用普通攻击攻击玩家，造成4点伤害

D 11:01:35.0104957 30 onStartSkill:普攻
D 11:01:35.0144661 _doAnim: attack
D 11:01:35.2115040 玩家使用普通攻击攻击熊，暴击造成88点伤害

D 11:01:35.2189906 push: behit count:1
D 11:01:35.2239760 setSpeed:1.5
D 11:01:35.2295670 setSpeed:1
D 11:01:35.2315646 _doAnim: behit
D 11:01:36.0156757 54 onStartSkill:普攻
D 11:01:36.0242094 _doAnim: attack
D 11:01:36.2113947 熊使用普通攻击攻击玩家，暴击造成8点伤害

D 11:01:36.2232623 _doAnim: behit
D 11:01:36.6720065 30 onStartSkill:普攻
D 11:01:36.6762914 push: attack count:1
D 11:01:36.6822753 setSpeed:1.5
D 11:01:36.6893881 setSpeed:1
D 11:01:36.6913815 _doAnim: attack
D 11:01:36.8566091 玩家使用普通攻击攻击熊，造成44点伤害

D 11:01:37.1449647 54 onStartSkill:普攻
D 11:01:37.1500667 _doAnim: attack
D 11:01:37.3863814 熊使用普通攻击攻击玩家，造成4点伤害

D 11:01:37.5962989 30 onStartSkill:普攻
D 11:01:37.6044196 _doAnim: attack
D 11:01:37.8415068 玩家使用普通攻击攻击熊，造成44点伤害

D 11:01:37.9448512 4 onStartSkill:普攻
D 11:01:37.9549891 _doAnim: attack
D 11:01:38.1957875 熊使用普通攻击攻击玩家，造成4点伤害

D 11:01:38.4080011 54 onStartSkill:普攻
D 11:01:38.4163410 _doAnim: attack
D 11:01:38.5323527 30 onStartSkill:普攻
D 11:01:38.5400776 _doAnim: attack
D 11:01:38.5505842 熊使用普通攻击攻击玩家，造成4点伤害

D 11:01:38.7006914 玩家使用普通攻击攻击熊，造成44点伤害

D 11:01:39.1737853 4 onStartSkill:普攻
D 11:01:39.1841315 _doAnim: attack
D 11:01:39.2832974 47 onStartSkill:普攻
D 11:01:39.2902953 _doAnim: attack
D 11:01:39.3032999 熊使用普通攻击攻击玩家，造成4点伤害

D 11:01:39.4460453 狗头人使用普通攻击攻击玩家，造成4点伤害

D 11:01:40.3287827 4 onStartSkill:普攻
D 11:01:40.3343353 _doAnim: attack
D 11:01:40.4863950 47 onStartSkill:普攻
D 11:01:40.4914845 _doAnim: attack
D 11:01:40.4986266 熊使用普通攻击攻击玩家，造成4点伤害

D 11:01:40.5932542 54 onStartSkill:普攻
D 11:01:40.6000880 _doAnim: attack
D 11:01:40.6940795 狗头人使用普通攻击攻击玩家，造成4点伤害

D 11:01:40.7951159 熊使用普通攻击攻击玩家，造成4点伤害

D 11:01:41.5242149 4 onStartSkill:普攻
D 11:01:41.5322821 _doAnim: attack
D 11:01:41.7663416 熊使用普通攻击攻击玩家，造成4点伤害

D 11:01:41.7783393 54 onStartSkill:普攻
D 11:01:41.7883732 _doAnim: attack
D 11:01:42.0218481 熊使用普通攻击攻击玩家，造成4点伤害

D 11:01:42.6850223 SystemCmd code: Timeout
D 11:01:42.8952805 65 onStartSkill:普攻
D 11:01:42.9028583 _doAnim: attack
D 11:01:43.0083235 54 onStartSkill:普攻
D 11:01:43.0137310 _doAnim: attack
D 11:01:43.3232625 CreateCreature
D 11:01:43.3328817 18 1130/1130
D 11:01:43.3404481 CreateCreature
D 11:01:43.3494599 27 1130/1130
D 11:01:43.3549439 CreateCreature
D 11:01:43.3652333 53 1130/1130
D 11:01:43.3703427 CreateCreature
D 11:01:43.3792719 89 1130/1130
D 11:01:43.3853187 CreateCreature
D 11:01:43.3944847 93 1130/1130
D 11:01:43.3994266 CreateCreature
D 11:01:43.4092715 6 1130/1130
D 11:01:43.4151492 CreateCreature
D 11:01:43.4240176 12 1130/1130
D 11:01:43.4295762 CreateCreature
D 11:01:43.4382669 30 1130/1130
D 11:01:43.4430705 CreateCreature
D 11:01:43.4525417 49 1130/1130
D 11:01:43.4598060 CreateCreature
D 11:01:43.4674610 45 1130/1130
D 11:01:43.4725082 CreateCreature
D 11:01:43.4816263 85 1130/1130
D 11:01:43.4871482 CreateCreature
D 11:01:43.4947564 92 1130/1130
D 11:01:43.5003334 CreateCreature
D 11:01:43.5089073 24 1130/1130
D 11:01:43.5140847 CreateCreature
D 11:01:43.5242792 26 1130/1130
D 11:01:43.5292655 CreateCreature
D 11:01:43.5397076 38 1130/1130
D 11:01:43.5447298 CreateCreature
D 11:01:43.5537642 40 1130/1130
D 11:01:43.5603343 CreateCreature
D 11:01:43.5699080 87 1130/1130
D 11:01:43.5761484 CreateCreature
D 11:01:43.5858041 99 1130/1130
D 11:01:43.5910669 CreateCreature
D 11:01:43.5995823 5 1130/1130
D 11:01:43.6077083 CreateCreature
D 11:01:43.6164239 11 1130/1130
D 11:01:43.6215358 CreateCreature
D 11:01:43.6294996 25 1130/1130
D 11:01:43.6365474 CreateCreature
D 11:01:43.6687536 65 1130/1130
D 11:01:43.6743326 CreateCreature
D 11:01:43.6818847 7 1130/1130
D 11:01:43.6884668 CreateCreature
D 11:01:43.7017018 79 1130/1130
D 11:01:43.7099087 CreateCreature
D 11:01:43.7218994 51 1130/1130
D 11:01:43.7308713 CreateCreature
D 11:01:43.7438360 62 1130/1130
D 11:01:43.7508889 CreateCreature
D 11:01:43.7673072 66 1130/1130
D 11:01:43.7742883 CreateCreature
D 11:01:43.7852610 72 1130/1130
D 11:01:43.7951605 CreateCreature
D 11:01:43.8071772 1 1130/1130
D 11:01:43.8144237 CreateCreature
D 11:01:43.8290233 3 1130/1130
D 11:01:43.8357379 CreateCreature
D 11:01:43.8463499 8 1130/1130
D 11:01:43.8573188 CreateCreature
D 11:01:43.8687347 31 1130/1130
D 11:01:43.8757174 CreateCreature
D 11:01:43.8911947 47 1130/1130
D 11:01:43.8983396 CreateCreature
D 11:01:43.9090123 50 1130/1130
D 11:01:43.9191386 CreateCreature
D 11:01:43.9307304 55 1130/1130
D 11:01:43.9373455 CreateCreature
D 11:01:43.9521096 84 1130/1130
D 11:01:43.9592226 CreateCreature
D 11:01:43.9700640 10 1130/1130
D 11:01:43.9792681 CreateCreature
D 11:01:43.9928494 13 1130/1130
D 11:01:43.9994607 CreateCreature
D 11:01:44.0153719 37 1130/1130
D 11:01:44.0213553 CreateCreature
D 11:01:44.0325993 46 1130/1130
D 11:01:44.0421031 CreateCreature
D 11:01:44.0544151 95 1130/1130
D 11:01:44.0603989 CreateCreature
D 11:01:44.0755239 96 1130/1130
D 11:01:44.0828475 CreateCreature
D 11:01:44.0946472 97 1130/1130
D 11:01:44.1054440 CreateExit
D 11:01:44.1154628 CreateCreature
D 11:01:44.1280624 76 1130/1130
D 11:01:44.1377590 CreateCreature
D 11:01:44.1494964 102 11000/11000
D 11:01:44.1575925 CreateCreature
D 11:01:44.1740151 2 1130/1130
D 11:01:44.1819971 CreateCreature
D 11:01:44.1991054 14 1130/1130
D 11:01:44.2062149 CreateCreature
D 11:01:44.2204414 17 1130/1130
D 11:01:44.2293272 CreateCreature
D 11:01:44.2409668 52 1130/1130
D 11:01:44.2518113 CreateCreature
D 11:01:44.2653148 83 1130/1130
D 11:01:44.2722968 CreateCreature
D 11:01:44.2843528 90 1130/1130
D 11:01:44.2922868 CreateCreature
D 11:01:44.3050763 44 1130/1130
D 11:01:44.3121415 CreateCreature
D 11:01:44.3272784 67 1130/1130
D 11:01:44.3357190 CreateCreature
D 11:01:44.3489494 77 1130/1130
D 11:01:44.3585068 CreateCreature
D 11:01:44.3731536 81 1130/1130
D 11:01:44.3802439 CreateCreature
D 11:01:44.3934647 43 1130/1130
D 11:01:44.4005141 CreateCreature
D 11:01:44.4135073 35 1130/1130
D 11:01:44.4204887 CreateCreature
D 11:01:44.4334488 60 1130/1130
D 11:01:44.4414360 CreateCreature
D 11:01:44.4577264 74 1130/1130
D 11:01:44.4642462 CreateCreature
D 11:01:44.4789596 80 1130/1130
D 11:01:44.4865995 CreateCreature
D 11:01:44.4987022 15 1130/1130
D 11:01:44.5074160 CreateCreature
D 11:01:44.5170988 20 1130/1130
D 11:01:44.5231173 CreateCreature
D 11:01:44.5371298 28 1130/1130
D 11:01:44.5432185 CreateCreature
D 11:01:44.5534159 29 1130/1130
D 11:01:44.5602497 CreateCreature
D 11:01:44.5737709 54 1130/1130
D 11:01:44.6110930 CreateCreature
D 11:01:44.6213918 61 1130/1130
D 11:01:44.6305147 CreateCreature
D 11:01:44.6415583 75 1130/1130
D 11:01:44.6466116 CreateCreature
D 11:01:44.6597794 86 1130/1130
D 11:01:44.6664448 CreateCreature
D 11:01:44.6763721 4 1130/1130
D 11:01:44.6824997 CreateCreature
D 11:01:44.6958655 21 1130/1130
D 11:01:44.7021730 CreateCreature
D 11:01:44.7124418 42 1130/1130
D 11:01:44.7210096 CreateCreature
D 11:01:44.7319664 48 1130/1130
D 11:01:44.7381802 CreateCreature
D 11:01:44.7493489 63 1130/1130
D 11:01:44.7575296 CreateCreature
D 11:01:44.7677089 9 1130/1130
D 11:01:44.7737503 CreateCreature
D 11:01:44.7868951 19 1130/1130
D 11:01:44.7935759 CreateCreature
D 11:01:44.8032311 22 1130/1130
D 11:01:44.8113542 CreateCreature
D 11:01:44.8252970 39 1130/1130
D 11:01:44.8314177 CreateCreature
D 11:01:44.8432475 16 1130/1130
D 11:01:44.8513185 CreateCreature
D 11:01:44.8634940 36 1130/1130
D 11:01:44.8700736 CreateCreature
D 11:01:44.8817981 71 1130/1130
D 11:01:44.8880439 CreateCreature
D 11:01:44.8986277 78 1130/1130
D 11:01:44.9072947 CreateCreature
D 11:01:44.9172874 68 1130/1130
D 11:01:44.9232675 CreateCreature
D 11:01:44.9353911 73 1130/1130
D 11:01:44.9423713 CreateCreature
D 11:01:44.9529201 88 1130/1130
D 11:01:44.9585250 CreateCreature
D 11:01:44.9732694 91 1130/1130
D 11:01:44.9789985 CreateCreature
D 11:01:44.9885695 23 1130/1130
D 11:01:44.9973578 CreateCreature
D 11:01:45.0094679 33 1130/1130
D 11:01:45.0150593 CreateCreature
D 11:01:45.0267236 57 1130/1130
D 11:01:45.0348557 CreateCreature
D 11:01:45.0451416 59 1130/1130
D 11:01:45.0512526 CreateCreature
D 11:01:45.0651965 94 1130/1130
D 11:01:45.0712822 CreateCreature
D 11:01:45.0812960 58 1130/1130
D 11:01:45.0900649 CreateCreature
D 11:01:45.1005974 64 1130/1130
D 11:01:45.1057713 CreateCreature
D 11:01:45.1191101 69 1130/1130
D 11:01:45.1260151 CreateCreature
D 11:01:45.1361036 70 1130/1130
D 11:01:45.1420882 CreateCreature
D 11:01:45.1551126 32 1130/1130
D 11:01:45.1620947 CreateCreature
D 11:01:45.1712567 34 1130/1130
D 11:01:45.1800949 CreateCreature
D 11:01:45.1918529 41 1130/1130
D 11:01:45.1973997 CreateCreature
D 11:01:45.2099152 56 1130/1130
D 11:01:45.2180098 CreateCreature
D 11:01:45.2295893 82 1130/1130
D 11:01:45.2378394 CreateCreature
D 11:01:45.2517780 98 1130/1130
D 11:01:45.2572685 CreateCreature
D 11:01:45.2685156 100 1130/1130
D 11:01:45.2775454 battle log: 进入场景: scene-8, 25
D 11:01:48.0661451 65 onStartSkill:普攻
D 11:01:48.0731117 _doAnim: attack
D 11:01:48.0775216 46 onStartSkill:普攻
D 11:01:48.0814149 _doAnim: attack
D 11:01:48.2611941 狗头人使用普通攻击攻击玩家，造成4点伤害

D 11:01:48.2705845 玩家使用普通攻击攻击狗头人，造成46点伤害

D 11:01:49.4390770 65 onStartSkill:普攻
D 11:01:49.4459982 _doAnim: attack
D 11:01:49.6843975 狗头人使用普通攻击攻击玩家，造成4点伤害

D 11:01:50.3430367 46 onStartSkill:普攻
D 11:01:50.3480652 _doAnim: attack
D 11:01:50.5229334 玩家使用普通攻击攻击狗头人，造成46点伤害

D 11:01:50.6249861 65 onStartSkill:普攻
D 11:01:50.6289763 _doAnim: attack
D 11:01:50.8402044 狗头人使用普通攻击攻击玩家，造成4点伤害

D 11:01:51.3576661 46 onStartSkill:普攻
D 11:01:51.3622285 _doAnim: attack
D 11:01:51.5391515 玩家使用普通攻击攻击狗头人，造成46点伤害

D 11:01:51.8715548 65 onStartSkill:普攻
D 11:01:51.8777481 _doAnim: attack
D 11:01:51.9895118 狗头人使用普通攻击攻击玩家，造成4点伤害

D 11:01:52.3272396 46 onStartSkill:普攻
D 11:01:52.3332241 _doAnim: attack
D 11:01:52.4797179 玩家使用普通攻击攻击狗头人，造成46点伤害

D 11:01:52.5985590 75 onStartSkill:普攻
D 11:01:52.6045482 _doAnim: attack
D 11:01:52.7740736 狗头人使用普通攻击攻击玩家，造成4点伤害

D 11:01:53.0526472 65 onStartSkill:普攻
D 11:01:53.0578217 _doAnim: attack
D 11:01:53.1862163 狗头人使用普通攻击攻击玩家，造成4点伤害

D 11:01:53.3885268 46 onStartSkill:普攻
D 11:01:53.4042713 _doAnim: attack
D 11:01:53.4099688 玩家使用普通攻击攻击狗头人，造成46点伤害

D 11:01:53.7783815 75 onStartSkill:普攻
D 11:01:53.7834043 _doAnim: attack
D 11:01:53.9613266 狗头人使用普通攻击攻击玩家，造成4点伤害

D 11:01:54.1638221 46 onStartSkill:普攻
D 11:01:54.1688086 _doAnim: attack
D 11:01:54.1737157 65 onStartSkill:普攻
D 11:01:54.1762235 _doAnim: attack
D 11:01:54.3435552 玩家使用普通攻击攻击狗头人，造成46点伤害

D 11:01:54.3500937 狗头人使用普通攻击攻击玩家，暴击造成8点伤害

D 11:01:54.3560791 push: behit count:1
D 11:01:54.3681009 setSpeed:1.5
D 11:01:54.5413415 setSpeed:1
D 11:01:54.5458721 _doAnim: behit
D 11:01:54.9553828 75 onStartSkill:普攻
D 11:01:54.9609377 _doAnim: attack
D 11:01:55.0534792 46 onStartSkill:普攻
D 11:01:55.0592779 _doAnim: attack
D 11:01:55.1334019 狗头人使用普通攻击攻击玩家，造成4点伤害

D 11:01:55.2253872 玩家使用普通攻击攻击狗头人，造成46点伤害

D 11:01:55.3427989 65 onStartSkill:普攻
D 11:01:55.3484242 _doAnim: attack
D 11:01:55.5245080 狗头人使用普通攻击攻击玩家，造成4点伤害

D 11:01:55.9058337 46 onStartSkill:普攻
D 11:01:55.9161865 _doAnim: attack
D 11:01:56.0834032 玩家使用普通攻击攻击狗头人，造成46点伤害

D 11:01:56.1710301 75 onStartSkill:普攻
D 11:01:56.1779844 _doAnim: attack
D 11:01:56.3108929 狗头人使用普通攻击攻击玩家，造成4点伤害

D 11:01:56.5325628 65 onStartSkill:普攻
D 11:01:56.5361518 _doAnim: attack
D 11:01:56.6799051 46 onStartSkill:普攻
D 11:01:56.6840763 _doAnim: attack
D 11:01:56.6900508 狗头人使用普通攻击攻击玩家，造成4点伤害

D 11:01:56.8292045 49 onStartSkill:普攻
D 11:01:56.8341563 _doAnim: attack
D 11:01:56.8402281 玩家使用普通攻击攻击狗头人，造成46点伤害

D 11:01:57.0116150 狗头人使用普通攻击攻击玩家，造成4点伤害

D 11:01:57.2178421 46 onStartSkill:英勇打击
D 11:01:57.2213484 _doAnim: attackright
D 11:01:57.3153807 75 onStartSkill:普攻
D 11:01:57.3193689 _doAnim: attack
D 11:01:57.3963475 玩家使用英勇打击攻击狗头人，造成124点伤害

D 11:01:57.4881072 狗头人使用普通攻击攻击玩家，造成4点伤害

D 11:01:57.7272147 65 onStartSkill:普攻
D 11:01:57.7398577 _doAnim: attack
D 11:01:57.8816006 46 onStartSkill:普攻
D 11:01:57.8851047 _doAnim: attack
D 11:01:57.8912200 狗头人使用普通攻击攻击玩家，造成4点伤害

D 11:01:58.0121014 玩家使用普通攻击攻击狗头人，暴击造成98点伤害

D 11:01:58.0166091 push: behit count:1
D 11:01:58.0200776 setSpeed:1.5
D 11:01:58.0250661 49 onStartSkill:普攻
D 11:01:58.0276657 _doAnim: attack
D 11:01:58.1433255 setSpeed:1
D 11:01:58.1452777 _doAnim: behit
D 11:01:58.1910834 狗头人使用普通攻击攻击玩家，造成4点伤害

D 11:01:58.2513562 65 onStartSkill:英勇打击
D 11:01:58.2570662 push: attackright count:1
D 11:01:58.2611436 setSpeed:1.5
D 11:01:58.4341512 狗头人使用英勇打击攻击玩家，造成103点伤害

D 11:01:58.5033376 75 onStartSkill:普攻
D 11:01:58.5102011 _doAnim: attack
D 11:01:58.5172475 setSpeed:1
D 11:01:58.5202265 _doAnim: attackright
D 11:01:58.5754177 46 onStartSkill:普攻
D 11:01:58.5803812 _doAnim: attack
D 11:01:58.6950034 狗头人使用普通攻击攻击玩家，造成7点伤害

D 11:01:58.7565452 玩家使用普通攻击攻击狗头人，造成49点伤害

D 11:01:58.9131265 65 onStartSkill:普攻
D 11:01:58.9186447 push: attack count:1
D 11:01:58.9251812 setSpeed:1.5
D 11:01:58.9312127 setSpeed:1
D 11:01:58.9321632 _doAnim: attack
D 11:01:59.0849522 狗头人使用普通攻击攻击玩家，造成7点伤害

D 11:01:59.2190326 49 onStartSkill:普攻
D 11:01:59.2239719 _doAnim: attack
D 11:01:59.3126074 46 onStartSkill:普攻
D 11:01:59.3163922 _doAnim: attack
D 11:01:59.4002709 狗头人使用普通攻击攻击玩家，造成7点伤害

D 11:01:59.5175037 玩家使用普通攻击攻击狗头人，造成49点伤害

D 11:01:59.6962839 75 onStartSkill:普攻
D 11:01:59.7058969 _doAnim: attack
D 11:01:59.8619067 狗头人使用普通攻击攻击玩家，造成7点伤害

D 11:02:00.0072279 46 onStartSkill:普攻
D 11:02:00.0137690 _doAnim: attack
D 11:02:00.0658495 65 onStartSkill:普攻
D 11:02:00.0698396 _doAnim: attack
D 11:02:00.1942325 玩家使用普通攻击攻击狗头人，造成49点伤害

D 11:02:00.2714586 狗头人使用普通攻击攻击玩家，造成7点伤害

D 11:02:00.4328203 49 onStartSkill:普攻
D 11:02:00.4418637 _doAnim: attack
D 11:02:00.5572779 狗头人使用普通攻击攻击玩家，造成7点伤害

D 11:02:00.7005409 46 onStartSkill:普攻
D 11:02:00.7071807 _doAnim: attack
D 11:02:00.8552360 75 onStartSkill:普攻
D 11:02:00.8614287 _doAnim: attack
D 11:02:00.8662956 玩家使用普通攻击攻击狗头人，造成49点伤害

D 11:02:01.0272515 狗头人使用普通攻击攻击玩家，造成7点伤害

D 11:02:01.2552343 65 onStartSkill:普攻
D 11:02:01.2651282 _doAnim: attack
D 11:02:01.3780466 46 onStartSkill:普攻
D 11:02:01.3871927 _doAnim: attack
D 11:02:01.4860944 狗头人使用普通攻击攻击玩家，暴击造成14点伤害

D 11:02:01.4995903 push: behit count:1
D 11:02:01.5079045 setSpeed:1.5
D 11:02:01.6243281 玩家使用普通攻击攻击狗头人，造成49点伤害

D 11:02:01.6314912 49 onStartSkill:普攻
D 11:02:01.6365203 _doAnim: attack
D 11:02:01.7831640 狗头人使用普通攻击攻击玩家，造成7点伤害

D 11:02:01.8074154 setSpeed:1
D 11:02:01.8103349 _doAnim: behit
D 11:02:02.0809866 75 onStartSkill:普攻
D 11:02:02.0879684 _doAnim: attack
D 11:02:02.1015241 46 onStartSkill:普攻
D 11:02:02.1121437 push: attack count:1
D 11:02:02.1224333 setSpeed:1.5
D 11:02:02.2246153 狗头人使用普通攻击攻击玩家，造成7点伤害

D 11:02:02.2371719 玩家使用普通攻击攻击狗头人，造成49点伤害

D 11:02:02.2472113 setSpeed:1
D 11:02:02.2527305 _doAnim: attack
D 11:02:02.4714003 65 onStartSkill:普攻
D 11:02:02.4810599 _doAnim: attack
D 11:02:02.6859762 狗头人使用普通攻击攻击玩家，造成7点伤害

D 11:02:02.7019220 46 onStartSkill:普攻
D 11:02:02.7104733 push: attack count:1
D 11:02:02.7215889 setSpeed:1.5
D 11:02:02.7323272 setSpeed:1
D 11:02:02.7359991 _doAnim: attack
D 11:02:02.8273685 49 onStartSkill:普攻
D 11:02:02.8333521 _doAnim: attack
D 11:02:02.8821804 玩家使用普通攻击攻击狗头人，造成49点伤害

D 11:02:02.9681464 狗头人使用普通攻击攻击玩家，造成7点伤害

D 11:02:03.3276459 75 onStartSkill:普攻
D 11:02:03.3373612 _doAnim: attack
D 11:02:03.3480583 46 onStartSkill:普攻
D 11:02:03.3595892 _doAnim: attack
D 11:02:03.7924398 狗头人使用普通攻击攻击玩家，造成7点伤害

D 11:02:03.7995570 玩家使用普通攻击攻击狗头人，造成49点伤害

D 11:02:03.8051922 65 onStartSkill:普攻
D 11:02:03.8100985 _doAnim: attack
D 11:02:03.8165457 狗头人使用普通攻击攻击玩家，造成7点伤害

D 11:02:03.9931566 49 onStartSkill:普攻
D 11:02:03.9984258 _doAnim: attack
D 11:02:04.0042625 46 onStartSkill:普攻
D 11:02:04.0094342 _doAnim: attack
D 11:02:04.1480984 狗头人使用普通攻击攻击玩家，造成7点伤害

D 11:02:04.2053256 玩家使用普通攻击攻击狗头人，造成49点伤害

D 11:02:04.4187010 75 onStartSkill:普攻
D 11:02:04.4241605 _doAnim: attack
D 11:02:04.5553051 狗头人使用普通攻击攻击玩家，造成7点伤害

D 11:02:04.6142055 46 onStartSkill:普攻
D 11:02:04.6171973 _doAnim: attack
D 11:02:04.7657827 玩家使用普通攻击攻击狗头人，造成49点伤害

D 11:02:04.8154250 65 onStartSkill:普攻
D 11:02:04.8204100 _doAnim: attack
D 11:02:04.9900690 狗头人使用普通攻击攻击玩家，造成7点伤害

D 11:02:05.1518508 49 onStartSkill:普攻
D 11:02:05.1552597 _doAnim: attack
D 11:02:05.2005105 46 onStartSkill:普攻
D 11:02:05.2040822 _doAnim: attack
D 11:02:05.3328490 狗头人使用普通攻击攻击玩家，造成7点伤害

D 11:02:05.4104766 玩家使用普通攻击攻击狗头人，造成49点伤害

D 11:02:05.4168497 baseinfo.onCmdUpdateCharInfo: { "Level": 1, "Exp": "40", "Money": "103" }
D 11:02:05.4235088 CreateCreature
D 11:02:05.4339968 104 1130/1130
D 11:02:05.5965736 75 onStartSkill:普攻
D 11:02:05.6047195 _doAnim: attack
D 11:02:05.8203494 狗头人使用普通攻击攻击玩家，造成7点伤害

D 11:02:05.8323617 46 onStartSkill:英勇打击
D 11:02:05.8417809 _doAnim: attackright
D 11:02:06.0386997 玩家使用英勇打击攻击狗头人，造成127点伤害

D 11:02:06.3142478 46 onStartSkill:普攻
D 11:02:06.3260955 push: attack count:1
D 11:02:06.3360655 setSpeed:1.5
D 11:02:06.3492828 49 onStartSkill:普攻
D 11:02:06.3593392 _doAnim: attack
D 11:02:06.3736785 setSpeed:1
D 11:02:06.3781138 _doAnim: attack
D 11:02:06.4803069 玩家使用普通攻击攻击狗头人，造成59点伤害

D 11:02:06.5260583 狗头人使用普通攻击攻击玩家，造成7点伤害

D 11:02:06.7901582 75 onStartSkill:普攻
D 11:02:06.7957222 _doAnim: attack
D 11:02:06.9527273 46 onStartSkill:普攻
D 11:02:06.9639614 _doAnim: attack
D 11:02:06.9719224 狗头人使用普通攻击攻击玩家，造成7点伤害

D 11:02:07.1368533 玩家使用普通攻击攻击狗头人，造成59点伤害

I 11:02:07.3430732 TCPClient.doStop
